2023-07-18 11:32:47|   0.0|  0.0|INFORM|Current FME version: FME 2022.1.1.0 (20220728 - Build 22623 - WIN64)
2023-07-18 11:32:47|   0.0|  0.0|INFORM|FME_HOME is 'C:\Program Files\FME\'
2023-07-18 11:32:47|   0.0|  0.0|INFORM|FME Desktop Oracle Edition (floating)
2023-07-18 11:32:47|   0.0|  0.0|INFORM|Permanent License.
2023-07-18 11:32:47|   0.0|  0.0|INFORM|Machine host name is: nsowl
2023-07-18 11:32:47|   0.0|  0.0|INFORM|OS Locale Name     : en_GB
2023-07-18 11:32:47|   0.0|  0.0|INFORM|OS Locale Encoding : windows-1252
2023-07-18 11:32:47|   0.0|  0.0|INFORM|Process Encoding   : UTF-8
2023-07-18 11:32:47|   0.0|  0.0|INFORM|FME API version: '4.0 20220615'
2023-07-18 11:32:47|   0.0|  0.0|INFORM|FME Configuration: FME_BASE is 'no'
2023-07-18 11:32:47|   0.0|  0.0|INFORM|FME Configuration: FME_MF_DIR is 'C:\Users\loehnertz\projects\ETC-DI-JEDI\FME/'
2023-07-18 11:32:47|   0.0|  0.0|INFORM|FME Configuration: FME_MF_NAME is 'NBITS_remover.fmw'
2023-07-18 11:32:47|   0.0|  0.0|INFORM|FME Configuration: FME_PRODUCT_NAME is 'FME(R) 2022.1.1.0'
2023-07-18 11:32:47|   0.0|  0.0|INFORM|Operating System: Microsoft Windows Server 2022 64-bit  (Build 20348)
2023-07-18 11:32:47|   0.0|  0.0|INFORM|FME Platform: WIN64
2023-07-18 11:32:47|   0.0|  0.0|INFORM|System Status: 210.54 GB of disk space available in the FME temporary folder (C:\Users\LOCAL_~1\Temp\8\wbrun_1689672651601_38588\fmetmp_0)
2023-07-18 11:32:47|   0.0|  0.0|INFORM|System Status: 512.00 GB of physical memory available
2023-07-18 11:32:47|   0.0|  0.0|INFORM|System Status: 2.00 TB of virtual memory available
2023-07-18 11:32:47|   0.0|  0.0|INFORM|START - ProcessID: 17068, peak process memory usage: 47660 kB, current process memory usage: 47660 kB
2023-07-18 11:32:47|   0.0|  0.0|INFORM|FME Configuration: Command line arguments are `C:\Program Files\FME\fme.exe' `C:/Users/loehnertz/projects/ETC-DI-JEDI/FME\wb-xlate-1689672764852_38588' `LOG_STANDARDOUT' `YES' `LOG_TIMINGS' `YES' `LogCountServerName' `56033' `LOG_STANDARDOUT' `No' `WORKBENCH_LOG_SERVER' `55963'
2023-07-18 11:32:47|   0.0|  0.0|INFORM|FME Configuration: Connection Storage: 'C:\Users\loehnertz\AppData\Roaming\Safe Software\FME\'
2023-07-18 11:32:48|   0.1|  0.1|INFORM|Shared folders for formats are : C:\Program Files\FME\datasources;C:\Users\loehnertz\Documents\FME\Formats
2023-07-18 11:32:48|   0.1|  0.0|INFORM|Shared folders for transformers are : C:\Users\loehnertz\AppData\Roaming\Safe Software\FME\Packages\22623-win64\transformers;C:\Program Files\FME\transformers;C:\Users\loehnertz\AppData\Roaming\Safe Software\FME\FME Store\Transformers
2023-07-18 11:32:48|   0.1|  0.0|INFORM|Shared folders for coordinate systems are : C:\Users\loehnertz\Documents\FME\CoordinateSystems
2023-07-18 11:32:48|   0.1|  0.0|INFORM|Shared folders for coordinate system exceptions are : C:\Users\loehnertz\Documents\FME\CoordinateSystemExceptions
2023-07-18 11:32:48|   0.1|  0.0|INFORM|Shared folders for coordinate system grid overrides are : C:\Users\loehnertz\Documents\FME\CoordinateSystemGridOverrides
2023-07-18 11:32:48|   0.1|  0.0|INFORM|Shared folders for CS-MAP transformation exceptions are : C:\Users\loehnertz\Documents\FME\CsmapTransformationExceptions
2023-07-18 11:32:48|   0.1|  0.0|INFORM|Shared folders for transformer categories are : C:\Users\loehnertz\Documents\FME\TransformerCategories
2023-07-18 11:32:48|   0.1|  0.0|INFORM|Mapping File Identifier is: NBITS_remover
2023-07-18 11:32:48|   0.1|  0.0|INFORM|The workspace was authored with a system encoding of 'windows-1252'. This will be the encoding used for names in this translation. Re-creating the workspace with a utf-8 system will enable FME to use utf-8 names
2023-07-18 11:32:48|   0.1|  0.0|INFORM|FME Configuration: Reader Keyword is `MULTI_READER'
2023-07-18 11:32:48|   0.1|  0.0|INFORM|FME Configuration: Writer Keyword is `MULTI_WRITER'
2023-07-18 11:32:48|   0.1|  0.0|INFORM|FME Configuration: Writer Group Definition Keyword is `MULTI_WRITER_DEF'
2023-07-18 11:32:48|   0.1|  0.0|INFORM|FME Configuration: Reader type is `MULTI_READER'
2023-07-18 11:32:48|   0.1|  0.0|INFORM|FME Configuration: Writer type is `MULTI_WRITER'
2023-07-18 11:32:48|   0.1|  0.0|INFORM|FME Configuration: No destination coordinate system set
2023-07-18 11:32:48|   0.1|  0.0|INFORM|FME Configuration: Current working folder is `C:\Users\loehnertz\projects\ETC-DI-JEDI\FME'
2023-07-18 11:32:48|   0.1|  0.0|INFORM|FME Configuration: Temporary folder is `C:\Users\LOCAL_~1\Temp\8\wbrun_1689672651601_38588\fmetmp_0', set from environment variable `FME_TEMP'
2023-07-18 11:32:48|   0.1|  0.0|INFORM|FME Configuration: Cache folder is 'C:\Users\LOCAL_~1\Temp\8'
2023-07-18 11:32:48|   0.1|  0.0|INFORM|FME Configuration: FME_HOME is `C:\Program Files\FME\'
2023-07-18 11:32:48|   0.1|  0.0|INFORM|FME Configuration: Start freeing memory when the process exceeds 1.50 TB
2023-07-18 11:32:48|   0.1|  0.0|INFORM|FME Configuration: Stop freeing memory when the process is below 1.12 TB
2023-07-18 11:32:48|   0.1|  0.0|INFORM|Creating writer for format: 
2023-07-18 11:32:48|   0.1|  0.0|INFORM|Creating reader for format: 
2023-07-18 11:32:48|   0.1|  0.0|INFORM|MULTI_READER(MULTI_READER): Will fail with first member reader failure
2023-07-18 11:32:48|   0.1|  0.0|INFORM|MULTI_READER(MULTI_READER): Adding GEOTIFF Reader with keyword GEOTIFF_1
2023-07-18 11:32:48|   0.1|  0.0|INFORM|Using Multi Reader with keyword `MULTI_READER' to read multiple datasets
2023-07-18 11:32:48|   0.2|  0.1|INFORM|Creating reader for format: GeoTIFF (Geo-referenced Tagged Image File Format)
2023-07-18 11:32:48|   0.2|  0.0|INFORM|Trying to find a DYNAMIC plugin for reader named `GEOTIFF'
2023-07-18 11:32:48|   0.3|  0.1|INFORM|Loaded module 'GEOTIFF' from file 'C:\Program Files\FME\plugins/gdal/GDAL.dll'
2023-07-18 11:32:48|   0.3|  0.0|INFORM|FME API version of module 'gdal/GDAL' matches current internal version (4.0 20220615)
2023-07-18 11:32:48|   0.3|  0.0|INFORM|GEOTIFF reader: Directive '_READ_OFFSETS_IN_CS_UNITS' has the value 'No'
2023-07-18 11:32:48|   0.3|  0.0|INFORM|GEOTIFF reader: Opening file 'S:\Common workspace\Bio\Protected area\f05_data\marine_reference_unit\jedi_upload\eea_assessment_area_100m.tif'
2023-07-18 11:32:48|   0.3|  0.0|INFORM|Using MultiWriter with keyword `MULTI_WRITER' to output data (ID_ATTRIBUTE is `multi_writer_id')
2023-07-18 11:32:48|   0.3|  0.0|INFORM|Writer output will be ordered by value of multi_writer_id
2023-07-18 11:32:48|   0.3|  0.0|INFORM|Loaded module 'LogCount_func' from file 'C:\Program Files\FME\plugins/LogCount_func.dll'
2023-07-18 11:32:48|   0.3|  0.0|INFORM|FME API version of module 'LogCount_func' matches current internal version (4.0 20220615)
2023-07-18 11:32:48|   0.3|  0.0|INFORM|Loaded module 'RasterProperties_func' from file 'C:\Program Files\FME\plugins/RasterProperties_func.dll'
2023-07-18 11:32:48|   0.3|  0.0|INFORM|FME API version of module 'RasterProperties_func' matches current internal version (4.0 20220615)
2023-07-18 11:32:48|   0.3|  0.0|INFORM|Loaded module 'InspectorFactory' from file 'C:\Program Files\FME\plugins/InspectorFactory.dll'
2023-07-18 11:32:48|   0.3|  0.0|INFORM|FME API version of module 'InspectorFactory' matches current internal version (4.0 20220615)
2023-07-18 11:32:49|   0.7|  0.4|INFORM|The OGC definition of the FME coordinate system 'ETRF89.Europe/EqArea' is 'CoordSys Earth Projection 29, 115, "m", 10, 52, 180 Affine Units "m", 1, 0, 4321000, 0, 1, 3210000'
2023-07-18 11:32:49|   0.7|  0.0|INFORM|GEOTIFF reader: Successfully read TAB file 'S:\Common workspace\Bio\Protected area\f05_data\marine_reference_unit\jedi_upload\eea_assessment_area_100m.TAB'
2023-07-18 11:32:49|   0.7|  0.0|WARN  |GEOTIFF reader: The definition of projected CRS EPSG:3035 got from GeoTIFF keys is not the same as the one from the EPSG registry, which may cause issues during reprojection operations. Set GTIFF_SRS_SOURCE configuration option to EPSG to use official parameters (overriding the ones from GeoTIFF keys), or to GEOKEYS to use custom values from GeoTIFF keys and drop the EPSG code.
2023-07-18 11:32:49|   0.7|  0.0|INFORM|GEOTIFF reader: Directive '_APPLY_GCPS' has the value 'NO'
2023-07-18 11:32:49|   0.7|  0.0|INFORM|The EPSG number of the FME coordinate system 'ETRF89.Europe/EqArea' is '3035'
2023-07-18 11:32:49|   0.7|  0.0|INFORM|Successfully read world file 'S:\Common workspace\Bio\Protected area\f05_data\marine_reference_unit\jedi_upload\eea_assessment_area_100m.tfw'
2023-07-18 11:32:49|   0.7|  0.0|INFORM|FME Configuration: Source coordinate system for reader GEOTIFF_1[GEOTIFF] set to `ETRF89.Europe/EqArea' as read from input data
2023-07-18 11:32:49|   0.7|  0.0|INFORM|Coordinate System `ETRF89.Europe/EqArea' parameters: CS_NAME=`ETRF89.Europe/EqArea' DESC_NM=`Lambert Azimuthal Equal Area (ETRS89-LAEA)' DT_NAME=`ETRS89/01' EPSG_QD=`-1' GROUP=`EUROPE' MAP_SCL=`1' MAX_LAT=`71.05' MAX_LNG=`31.55' MIN_LAT=`34.5' MIN_LNG=`-10.67' ORG_LAT=`52' ORG_LNG=`10' PROJ=`AZMEA' QUAD=`1' SCL_RED=`1' SOURCE=`EPSG, V6.11.2, 3035 [European Commission Joint Research Cent]' UNIT=`Meter' X_OFF=`4321000' Y_OFF=`3210000' ZERO_X=`0.001' ZERO_Y=`0.001'
2023-07-18 11:32:54|   4.0|  3.3|INFORM|FFS writer: Completed 14.47% of intermediate processing
2023-07-18 11:32:59|   8.2|  4.2|INFORM|FFS writer: Completed 33.19% of intermediate processing
2023-07-18 11:33:04|  11.8|  3.6|INFORM|FFS writer: Completed 48.33% of intermediate processing
2023-07-18 11:33:09|  16.2|  4.4|INFORM|FFS writer: Completed 66.48% of intermediate processing
2023-07-18 11:33:15|  19.7|  3.5|INFORM|FFS writer: Completed 81.21% of intermediate processing
2023-07-18 11:33:19|  23.7|  4.0|INFORM|FFS writer: Completed 100% of intermediate processing
2023-07-18 11:33:31|  35.4| 11.7|STATS |Storing feature(s) to FME feature store file `C:\Users\LOCAL_~1\Temp\8\wb-inspectors-yLbClK\inspector.ffs'
2023-07-18 11:33:34|  38.3|  2.9|INFORM|MULTI_READER(MULTI_READER): Done reading 1 features from 1 readers
2023-07-18 11:33:34|  38.3|  0.0|INFORM|Emptying factory pipeline
2023-07-18 11:33:34|  38.3|  0.0|STATS |Router and Unexpected Input Remover (RoutingFactory): Tested 1 input feature(s), wrote 1 output feature(s): 1 matched merge filters, 1 were routed to output, 0 could not be routed.
2023-07-18 11:33:34|  38.3|  0.0|STATS |Unwanted Router Input Nuker (TeeFactory): Cloned 0 input feature(s) into 0 output feature(s)
2023-07-18 11:33:34|  38.3|  0.0|STATS |GEOTIFF_GEOTIFF_1 Splitter (TeeFactory): Cloned 1 input feature(s) into 1 output feature(s)
2023-07-18 11:33:34|  38.4|  0.1|STATS |RasterPropertyExtractor (TeeFactory): Cloned 1 input feature(s) into 1 output feature(s)
2023-07-18 11:33:34|  38.4|  0.0|STATS |RasterPropertyExtractor_Rejector (TestFactory): Tested 1 input feature(s) -- 0 feature(s) passed and 1 feature(s) failed
2023-07-18 11:33:34|  38.4|  0.0|STATS |AttributeExposer (TeeFactory): Cloned 1 input feature(s) into 1 output feature(s)
2023-07-18 11:33:34|  38.4|  0.0|STATS |NBITS_Tester_INPUT (TeeFactory): Cloned 1 input feature(s) into 1 output feature(s)
2023-07-18 11:33:34|  38.4|  0.0|STATS |NBITS_Tester (TestFactory): Tested 1 input feature(s) -- 0 feature(s) passed and 1 feature(s) failed
2023-07-18 11:33:34|  38.4|  0.0|STATS |AttributeRemover_3 (TeeFactory): Cloned 1 input feature(s) into 1 output feature(s)
2023-07-18 11:33:34|  38.4|  0.0|STATS |Stored 1 feature(s) to FME feature store file `C:\Users\LOCAL_~1\Temp\8\wb-inspectors-yLbClK\inspector.ffs'
2023-07-18 11:33:34|  38.4|  0.0|INFORM|Saving spatial index into file 'C:\Users\LOCAL_~1\Temp\8\wb-inspectors-yLbClK\inspector.fsi'
2023-07-18 11:33:34|  38.4|  0.0|INFORM|Finished saving spatial index into file 'C:\Users\LOCAL_~1\Temp\8\wb-inspectors-yLbClK\inspector.fsi'
2023-07-18 11:33:34|  38.5|  0.1|STATS |Destination Feature Type Routing Correlator (RoutingFactory): Tested 0 input feature(s), wrote 0 output feature(s): 0 matched merge filters, 0 were routed to output, 0 could not be routed.
2023-07-18 11:33:34|  38.5|  0.0|STATS |Final Output Nuker (TeeFactory): Cloned 0 input feature(s) into 0 output feature(s)
2023-07-18 11:33:34|  38.5|  0.0|STATS |VisualizerProcessor (CreationFactory): Created 1 features
2023-07-18 11:33:34|  38.5|  0.0|STATS |VisualizerCleaner (TeeFactory): Cloned 1 input feature(s) into 0 output feature(s)
2023-07-18 11:33:34|  38.5|  0.0|STATS |=-=-=-=-=-=-=-=-=-=-=-=-=-=-=-=-=-=-=-=-=-=-=-=-=-=-=-=-=-=-=-=-=-=-=-=-=-=-=-
2023-07-18 11:33:34|  38.5|  0.0|STATS |                            Features Read Summary
2023-07-18 11:33:34|  38.5|  0.0|STATS |=-=-=-=-=-=-=-=-=-=-=-=-=-=-=-=-=-=-=-=-=-=-=-=-=-=-=-=-=-=-=-=-=-=-=-=-=-=-=-
2023-07-18 11:33:34|  38.5|  0.0|STATS |GEOTIFF                                                                      1
2023-07-18 11:33:34|  38.5|  0.0|STATS |==============================================================================
2023-07-18 11:33:34|  38.5|  0.0|STATS |Total Features Read                                                          1
2023-07-18 11:33:34|  38.5|  0.0|STATS |=-=-=-=-=-=-=-=-=-=-=-=-=-=-=-=-=-=-=-=-=-=-=-=-=-=-=-=-=-=-=-=-=-=-=-=-=-=-=-
2023-07-18 11:33:34|  38.5|  0.0|STATS |=-=-=-=-=-=-=-=-=-=-=-=-=-=-=-=-=-=-=-=-=-=-=-=-=-=-=-=-=-=-=-=-=-=-=-=-=-=-=-
2023-07-18 11:33:34|  38.5|  0.0|STATS |                           Features Written Summary
2023-07-18 11:33:34|  38.5|  0.0|STATS |=-=-=-=-=-=-=-=-=-=-=-=-=-=-=-=-=-=-=-=-=-=-=-=-=-=-=-=-=-=-=-=-=-=-=-=-=-=-=-
2023-07-18 11:33:34|  38.5|  0.0|STATS |==============================================================================
2023-07-18 11:33:34|  38.5|  0.0|STATS |Total Features Written                                                       0
2023-07-18 11:33:34|  38.5|  0.0|STATS |=-=-=-=-=-=-=-=-=-=-=-=-=-=-=-=-=-=-=-=-=-=-=-=-=-=-=-=-=-=-=-=-=-=-=-=-=-=-=-
2023-07-18 11:33:34|  38.5|  0.0|WARN  |-~-~-~-~-~-~-~-~-~-~-~-~-~-~-~-~-~-~-~-~-~-~-~-~-~-~-~-~-~-~-~-~-~-~-~-~-~-~-~-~-
2023-07-18 11:33:34|  38.5|  0.0|WARN  |-~                                                                             ~-
2023-07-18 11:33:34|  38.5|  0.0|WARN  |-~    Feature caches have been recorded at every stage of the translation.     ~-
2023-07-18 11:33:34|  38.5|  0.0|WARN  |-~                      To inspect the recorded features,                      ~-
2023-07-18 11:33:34|  38.5|  0.0|WARN  |-~              click the feature cache icons next to the ports.               ~-
2023-07-18 11:33:34|  38.5|  0.0|WARN  |-~                                                                             ~-
2023-07-18 11:33:34|  38.5|  0.0|WARN  |-~-~-~-~-~-~-~-~-~-~-~-~-~-~-~-~-~-~-~-~-~-~-~-~-~-~-~-~-~-~-~-~-~-~-~-~-~-~-~-~-
2023-07-18 11:33:34|  38.5|  0.0|INFORM|Translation was SUCCESSFUL with 8 warning(s) (0 feature(s) output)
2023-07-18 11:33:34|  38.5|  0.0|INFORM|FME Session Duration: 46.7 seconds. (CPU: 25.2s user, 13.3s system)
2023-07-18 11:33:34|  38.5|  0.0|INFORM|END - ProcessID: 17068, peak process memory usage: 2505648 kB, current process memory usage: 116216 kB
